time=    0, Simulation Start
time=    0, Starting Reset
time=   30, Reset Completed
time=   30, Starting Test
time=   30, Starting Semi Random Test
PASS
Time=50 Error dut: Q=0000, rco=1, scoreboard: Q=0000, rco=0
PASS
Time=70 Error dut: Q=0010, rco=1, scoreboard: Q=0010, rco=0
PASS
PASS
Time=100 Error dut: Q=0000, rco=1, scoreboard: Q=0000, rco=0
PASS
Time=120 Error dut: Q=0010, rco=1, scoreboard: Q=0010, rco=0
PASS
time=  230, Starting Completely Random Test
PASS
Time=250 Error dut: Q=0011, rco=1, scoreboard: Q=0011, rco=0
Time=260 Error dut: Q=0010, rco=1, scoreboard: Q=0010, rco=0
Time=270 Error dut: Q=0000, rco=1, scoreboard: Q=0000, rco=0
Time=280 Error dut: Q=0011, rco=1, scoreboard: Q=0011, rco=0
Time=290 Error dut: Q=0000, rco=1, scoreboard: Q=0000, rco=0
Time=300 Error dut: Q=0000, rco=1, scoreboard: Q=0000, rco=0
Time=310 Error dut: Q=0000, rco=1, scoreboard: Q=0000, rco=0
Time=320 Error dut: Q=0000, rco=1, scoreboard: Q=0000, rco=0
Time=330 Error dut: Q=1011, rco=1, scoreboard: Q=1011, rco=0
Time=340 Error dut: Q=0000, rco=1, scoreboard: Q=0000, rco=0
Time=350 Error dut: Q=0000, rco=1, scoreboard: Q=0000, rco=0
Time=360 Error dut: Q=0000, rco=1, scoreboard: Q=0000, rco=0
PASS
PASS
PASS
Time=400 Error dut: Q=0000, rco=1, scoreboard: Q=0000, rco=0
PASS
Time=420 Error dut: Q=0000, rco=1, scoreboard: Q=0000, rco=0
PASS
Time=440 Error dut: Q=0000, rco=1, scoreboard: Q=0000, rco=0
Time=450 Error dut: Q=0000, rco=1, scoreboard: Q=0000, rco=0
Time=460 Error dut: Q=0000, rco=1, scoreboard: Q=0000, rco=0
Time=470 Error dut: Q=1001, rco=1, scoreboard: Q=1001, rco=0
Time=480 Error dut: Q=0000, rco=1, scoreboard: Q=0000, rco=0
Time=490 Error dut: Q=0110, rco=1, scoreboard: Q=0110, rco=0
Time=500 Error dut: Q=0000, rco=1, scoreboard: Q=0000, rco=0
Time=510 Error dut: Q=0000, rco=1, scoreboard: Q=0000, rco=0
Time=520 Error dut: Q=0010, rco=1, scoreboard: Q=0010, rco=0
Time=530 Error dut: Q=0000, rco=1, scoreboard: Q=0000, rco=0
Time=540 Error dut: Q=1111, rco=1, scoreboard: Q=1111, rco=0
Time=550 Error dut: Q=1111, rco=1, scoreboard: Q=1111, rco=0
Time=560 Error dut: Q=1000, rco=1, scoreboard: Q=1000, rco=0
Time=570 Error dut: Q=1001, rco=1, scoreboard: Q=1001, rco=0
Time=580 Error dut: Q=1010, rco=1, scoreboard: Q=1010, rco=0
Time=590 Error dut: Q=0000, rco=1, scoreboard: Q=0000, rco=0
Time=600 Error dut: Q=0000, rco=1, scoreboard: Q=0000, rco=0
Time=610 Error dut: Q=0000, rco=1, scoreboard: Q=0000, rco=0
Time=620 Error dut: Q=0011, rco=1, scoreboard: Q=0011, rco=0
Time=630 Error dut: Q=0011, rco=1, scoreboard: Q=0011, rco=0
Time=640 Error dut: Q=0100, rco=1, scoreboard: Q=0100, rco=0
PASS
PASS
Time=670 Error dut: Q=0000, rco=1, scoreboard: Q=0000, rco=0
Time=680 Error dut: Q=1010, rco=1, scoreboard: Q=1010, rco=0
PASS
Time=700 Error dut: Q=1001, rco=1, scoreboard: Q=1001, rco=0
Time=710 Error dut: Q=0000, rco=1, scoreboard: Q=0000, rco=0
Time=720 Error dut: Q=0000, rco=1, scoreboard: Q=0000, rco=0
Time=730 Error dut: Q=0000, rco=1, scoreboard: Q=0000, rco=0
Time=740 Error dut: Q=0000, rco=1, scoreboard: Q=0000, rco=0
Time=750 Error dut: Q=0000, rco=1, scoreboard: Q=0000, rco=0
Time=760 Error dut: Q=0000, rco=1, scoreboard: Q=0000, rco=0
Time=770 Error dut: Q=1010, rco=1, scoreboard: Q=1010, rco=0
time=  830, Starting Scripted Test
Time=840 Error dut: Q=0000, rco=1, scoreboard: Q=0000, rco=0
PASS
Time=860 Error dut: Q=0010, rco=1, scoreboard: Q=0010, rco=0
PASS
PASS
PASS
PASS
PASS
PASS
Time=930 Error dut: Q=1001, rco=1, scoreboard: Q=1001, rco=0
PASS
PASS
PASS
PASS
PASS
PASS
PASS
Time=1010 Error dut: Q=1111, rco=0, scoreboard: Q=1111, rco=1
Time=1020 Error dut: Q=1110, rco=1, scoreboard: Q=1110, rco=0
Time=1030 Error dut: Q=1101, rco=1, scoreboard: Q=1101, rco=0
Time=1040 Error dut: Q=1100, rco=1, scoreboard: Q=1100, rco=0
Time=1050 Error dut: Q=1011, rco=1, scoreboard: Q=1011, rco=0
Time=1060 Error dut: Q=1010, rco=1, scoreboard: Q=1010, rco=0
Time=1070 Error dut: Q=1001, rco=1, scoreboard: Q=1001, rco=0
Time=1080 Error dut: Q=1000, rco=1, scoreboard: Q=1000, rco=0
PASS
PASS
PASS
PASS
PASS
PASS
PASS
PASS
PASS
PASS
PASS
Time=1200 Error dut: Q=0100, rco=1, scoreboard: Q=0100, rco=0
PASS
PASS
PASS
PASS
PASS
PASS
PASS
PASS
PASS
PASS
PASS
PASS
Time=1330 Error dut: Q=1111, rco=1, scoreboard: Q=1111, rco=0
PASS
PASS
Time=1360 Error dut: Q=0010, rco=1, scoreboard: Q=0010, rco=0
PASS
PASS
Time=1390 Error dut: Q=0000, rco=1, scoreboard: Q=0000, rco=0
Time=1400 Error dut: Q=0000, rco=1, scoreboard: Q=0000, rco=0
Time=1410 Error dut: Q=0000, rco=1, scoreboard: Q=0000, rco=0
Time=1420 Error dut: Q=0000, rco=1, scoreboard: Q=0000, rco=0
Time=1430 Error dut: Q=0000, rco=1, scoreboard: Q=0000, rco=0
Time=1440 Error dut: Q=0000, rco=1, scoreboard: Q=0000, rco=0
Time=1450 Error dut: Q=0000, rco=1, scoreboard: Q=0000, rco=0
Time=1460 Error dut: Q=0000, rco=1, scoreboard: Q=0000, rco=0
PASS
Time=1480 Error dut: Q=0010, rco=1, scoreboard: Q=0010, rco=0
PASS
PASS
Time=1510 Error dut: Q=0011, rco=1, scoreboard: Q=0011, rco=0
Time=1520 Error dut: Q=0010, rco=1, scoreboard: Q=0010, rco=0
Time=1530 Error dut: Q=0001, rco=1, scoreboard: Q=0001, rco=0
Time=1540 Error dut: Q=0000, rco=1, scoreboard: Q=0000, rco=0
Time=1550 Error dut: Q=1111, rco=0, scoreboard: Q=1111, rco=1
Time=1560 Error dut: Q=1110, rco=1, scoreboard: Q=1110, rco=0
Time=1570 Error dut: Q=1101, rco=1, scoreboard: Q=1101, rco=0
Time=1580 Error dut: Q=1100, rco=1, scoreboard: Q=1100, rco=0
Time=1590 Error dut: Q=1011, rco=1, scoreboard: Q=1011, rco=0
Time=1600 Error dut: Q=1010, rco=1, scoreboard: Q=1010, rco=0
Time=1610 Error dut: Q=1001, rco=1, scoreboard: Q=1001, rco=0
Time=1620 Error dut: Q=1000, rco=1, scoreboard: Q=1000, rco=0
Time=1630 Error dut: Q=0111, rco=1, scoreboard: Q=0111, rco=0
Time=1640 Error dut: Q=0110, rco=1, scoreboard: Q=0110, rco=0
Time=1650 Error dut: Q=0101, rco=1, scoreboard: Q=0101, rco=0
Time=1660 Error dut: Q=0100, rco=1, scoreboard: Q=0100, rco=0
time= 1660, Test Completed
time= 1660, Simulation Completed
