time=    0, Simulation Start
time=    0, Starting Reset
time=   64, Reset Completed
time=   64, Starting Test
time=   64, Starting Semi Random Test
Time=72 Error dut: Q=xxx1, rco=1, scoreboard: Q=0000, rco=1
Time=80 Error dut: Q=1111, rco=1, scoreboard: Q=0000, rco=1
Time=88 Error dut: Q=1111, rco=1, scoreboard: Q=0001, rco=0
Time=96 Error dut: Q=1110, rco=1, scoreboard: Q=0010, rco=0
Time=104 Error dut: Q=1111, rco=x, scoreboard: Q=0011, rco=0
Time=112 Error dut: Q=1111, rco=x, scoreboard: Q=0100, rco=0
Time=120 Error dut: Q=1110, rco=x, scoreboard: Q=0100, rco=0
Time=128 Error dut: Q=xx00, rco=x, scoreboard: Q=0101, rco=0
Time=136 Error dut: Q=xx00, rco=x, scoreboard: Q=0110, rco=0
Time=144 Error dut: Q=x000, rco=1, scoreboard: Q=0111, rco=0
time=  224, Starting Completely Random Test
Time=232 Error dut: Q=0010, rco=0, scoreboard: Q=1011, rco=0
Time=240 Error dut: Q=0010, rco=0, scoreboard: Q=0011, rco=1
Time=248 Error dut: Q=1110, rco=0, scoreboard: Q=0010, rco=1
Time=256 Error dut: Q=1111, rco=0, scoreboard: Q=0010, rco=1
Time=264 Error dut: Q=1111, rco=0, scoreboard: Q=0011, rco=1
Time=272 Error dut: Q=1100, rco=1, scoreboard: Q=0011, rco=1
Time=280 Error dut: Q=1000, rco=1, scoreboard: Q=0011, rco=1
Time=288 Error dut: Q=1000, rco=1, scoreboard: Q=0011, rco=1
Time=296 Error dut: Q=1000, rco=1, scoreboard: Q=0011, rco=1
Time=304 Error dut: Q=1000, rco=1, scoreboard: Q=1011, rco=1
Time=312 Error dut: Q=1000, rco=1, scoreboard: Q=1011, rco=1
Time=320 Error dut: Q=1000, rco=1, scoreboard: Q=1011, rco=1
Time=328 Error dut: Q=1000, rco=1, scoreboard: Q=1011, rco=1
Time=336 Error dut: Q=1000, rco=1, scoreboard: Q=1000, rco=0
Time=344 Error dut: Q=1000, rco=1, scoreboard: Q=0101, rco=0
Time=352 Error dut: Q=1110, rco=1, scoreboard: Q=0010, rco=0
Time=360 Error dut: Q=1111, rco=0, scoreboard: Q=0010, rco=0
Time=368 Error dut: Q=1111, rco=0, scoreboard: Q=1111, rco=1
Time=376 Error dut: Q=1100, rco=0, scoreboard: Q=1111, rco=1
Time=384 Error dut: Q=0101, rco=0, scoreboard: Q=1100, rco=0
Time=392 Error dut: Q=0100, rco=0, scoreboard: Q=1100, rco=0
Time=400 Error dut: Q=0100, rco=0, scoreboard: Q=1001, rco=0
Time=408 Error dut: Q=1110, rco=0, scoreboard: Q=0110, rco=0
Time=416 Error dut: Q=1110, rco=0, scoreboard: Q=0101, rco=0
Time=424 Error dut: Q=1110, rco=0, scoreboard: Q=0101, rco=0
Time=432 Error dut: Q=0111, rco=0, scoreboard: Q=0100, rco=0
PASS
Time=448 Error dut: Q=0001, rco=0, scoreboard: Q=0100, rco=0
Time=456 Error dut: Q=0000, rco=0, scoreboard: Q=0011, rco=0
Time=464 Error dut: Q=0000, rco=0, scoreboard: Q=0011, rco=0
Time=472 Error dut: Q=0101, rco=0, scoreboard: Q=0010, rco=0
Time=480 Error dut: Q=1110, rco=0, scoreboard: Q=0001, rco=0
Time=488 Error dut: Q=1110, rco=0, scoreboard: Q=0001, rco=0
Time=496 Error dut: Q=1111, rco=0, scoreboard: Q=0000, rco=0
Time=504 Error dut: Q=0010, rco=0, scoreboard: Q=1101, rco=1
Time=512 Error dut: Q=0011, rco=0, scoreboard: Q=1101, rco=1
Time=520 Error dut: Q=0011, rco=0, scoreboard: Q=1101, rco=1
Time=528 Error dut: Q=0010, rco=0, scoreboard: Q=1101, rco=1
Time=536 Error dut: Q=0011, rco=0, scoreboard: Q=1010, rco=0
Time=544 Error dut: Q=0001, rco=0, scoreboard: Q=0111, rco=0
Time=552 Error dut: Q=1110, rco=1, scoreboard: Q=0100, rco=0
Time=560 Error dut: Q=1110, rco=1, scoreboard: Q=0001, rco=0
Time=568 Error dut: Q=1110, rco=1, scoreboard: Q=0001, rco=0
PASS
Time=584 Error dut: Q=0010, rco=0, scoreboard: Q=1110, rco=1
Time=592 Error dut: Q=1010, rco=0, scoreboard: Q=1110, rco=1
Time=600 Error dut: Q=1010, rco=0, scoreboard: Q=1101, rco=0
Time=608 Error dut: Q=1010, rco=0, scoreboard: Q=1101, rco=0
Time=616 Error dut: Q=1011, rco=0, scoreboard: Q=1101, rco=0
Time=624 Error dut: Q=1010, rco=0, scoreboard: Q=1101, rco=0
Time=632 Error dut: Q=1010, rco=0, scoreboard: Q=1101, rco=0
Time=640 Error dut: Q=1011, rco=0, scoreboard: Q=1100, rco=0
Time=648 Error dut: Q=1010, rco=0, scoreboard: Q=1100, rco=0
Time=656 Error dut: Q=1011, rco=0, scoreboard: Q=1100, rco=0
time=  752, Starting Scripted Test
Time=760 Error dut: Q=1100, rco=1, scoreboard: Q=1110, rco=1
Time=768 Error dut: Q=1100, rco=1, scoreboard: Q=1111, rco=0
Time=776 Error dut: Q=1111, rco=1, scoreboard: Q=0000, rco=1
Time=784 Error dut: Q=1110, rco=1, scoreboard: Q=0001, rco=0
Time=792 Error dut: Q=1110, rco=1, scoreboard: Q=0010, rco=0
Time=800 Error dut: Q=1111, rco=0, scoreboard: Q=0011, rco=0
Time=808 Error dut: Q=1111, rco=0, scoreboard: Q=0100, rco=0
PASS
Time=824 Error dut: Q=1101, rco=0, scoreboard: Q=0110, rco=0
Time=832 Error dut: Q=1111, rco=0, scoreboard: Q=0111, rco=0
Time=840 Error dut: Q=1111, rco=0, scoreboard: Q=1000, rco=0
Time=848 Error dut: Q=1100, rco=0, scoreboard: Q=1001, rco=0
Time=856 Error dut: Q=1100, rco=0, scoreboard: Q=1010, rco=0
Time=864 Error dut: Q=1010, rco=0, scoreboard: Q=1011, rco=0
Time=872 Error dut: Q=1010, rco=0, scoreboard: Q=1100, rco=0
Time=880 Error dut: Q=1100, rco=0, scoreboard: Q=1101, rco=0
Time=888 Error dut: Q=1101, rco=0, scoreboard: Q=1110, rco=0
Time=896 Error dut: Q=1011, rco=0, scoreboard: Q=1111, rco=0
Time=904 Error dut: Q=1001, rco=1, scoreboard: Q=0000, rco=1
Time=912 Error dut: Q=0101, rco=1, scoreboard: Q=0001, rco=0
Time=920 Error dut: Q=0011, rco=0, scoreboard: Q=0010, rco=0
Time=928 Error dut: Q=1011, rco=0, scoreboard: Q=0001, rco=0
Time=936 Error dut: Q=1100, rco=0, scoreboard: Q=0000, rco=0
Time=944 Error dut: Q=1100, rco=0, scoreboard: Q=1111, rco=1
Time=952 Error dut: Q=1000, rco=0, scoreboard: Q=1110, rco=0
Time=960 Error dut: Q=1000, rco=0, scoreboard: Q=1101, rco=0
Time=968 Error dut: Q=0000, rco=0, scoreboard: Q=1100, rco=0
Time=976 Error dut: Q=0011, rco=0, scoreboard: Q=1011, rco=0
Time=984 Error dut: Q=0011, rco=0, scoreboard: Q=1010, rco=0
Time=992 Error dut: Q=0101, rco=0, scoreboard: Q=1001, rco=0
Time=1000 Error dut: Q=0111, rco=0, scoreboard: Q=1000, rco=0
Time=1008 Error dut: Q=0011, rco=0, scoreboard: Q=0101, rco=0
Time=1016 Error dut: Q=1111, rco=1, scoreboard: Q=0010, rco=0
Time=1024 Error dut: Q=1110, rco=1, scoreboard: Q=1111, rco=1
Time=1032 Error dut: Q=1110, rco=1, scoreboard: Q=1100, rco=0
Time=1040 Error dut: Q=1110, rco=1, scoreboard: Q=1001, rco=0
Time=1048 Error dut: Q=1000, rco=1, scoreboard: Q=0110, rco=0
Time=1056 Error dut: Q=1000, rco=0, scoreboard: Q=0011, rco=0
Time=1064 Error dut: Q=1001, rco=0, scoreboard: Q=0000, rco=0
Time=1072 Error dut: Q=1111, rco=0, scoreboard: Q=1101, rco=1
Time=1080 Error dut: Q=1111, rco=0, scoreboard: Q=1010, rco=0
Time=1088 Error dut: Q=1111, rco=0, scoreboard: Q=0111, rco=0
Time=1096 Error dut: Q=1011, rco=0, scoreboard: Q=0100, rco=0
Time=1104 Error dut: Q=1001, rco=0, scoreboard: Q=0001, rco=0
Time=1112 Error dut: Q=0100, rco=0, scoreboard: Q=1110, rco=1
Time=1120 Error dut: Q=0100, rco=0, scoreboard: Q=1011, rco=0
Time=1128 Error dut: Q=0100, rco=0, scoreboard: Q=1000, rco=0
Time=1136 Error dut: Q=1000, rco=0, scoreboard: Q=0101, rco=0
Time=1144 Error dut: Q=1100, rco=0, scoreboard: Q=0010, rco=0
Time=1152 Error dut: Q=0111, rco=0, scoreboard: Q=1111, rco=1
Time=1160 Error dut: Q=0111, rco=0, scoreboard: Q=1100, rco=0
Time=1168 Error dut: Q=0001, rco=0, scoreboard: Q=1001, rco=0
Time=1176 Error dut: Q=1001, rco=0, scoreboard: Q=0110, rco=0
Time=1184 Error dut: Q=1001, rco=0, scoreboard: Q=0011, rco=0
Time=1192 Error dut: Q=0001, rco=0, scoreboard: Q=0000, rco=0
Time=1200 Error dut: Q=0000, rco=0, scoreboard: Q=1101, rco=1
Time=1208 Error dut: Q=0000, rco=0, scoreboard: Q=1010, rco=0
Time=1216 Error dut: Q=1010, rco=0, scoreboard: Q=0111, rco=0
Time=1224 Error dut: Q=1110, rco=0, scoreboard: Q=0100, rco=0
Time=1232 Error dut: Q=0110, rco=0, scoreboard: Q=0001, rco=0
Time=1240 Error dut: Q=0011, rco=0, scoreboard: Q=1110, rco=1
PASS
Time=1256 Error dut: Q=1101, rco=1, scoreboard: Q=1111, rco=1
Time=1264 Error dut: Q=0101, rco=0, scoreboard: Q=0000, rco=1
Time=1272 Error dut: Q=0101, rco=0, scoreboard: Q=0001, rco=0
Time=1280 Error dut: Q=0100, rco=1, scoreboard: Q=0010, rco=0
Time=1288 Error dut: Q=1000, rco=1, scoreboard: Q=0011, rco=0
Time=1296 Error dut: Q=1001, rco=0, scoreboard: Q=0100, rco=0
Time=1304 Error dut: Q=1111, rco=0, scoreboard: Q=0101, rco=0
Time=1312 Error dut: Q=1110, rco=0, scoreboard: Q=0110, rco=0
Time=1320 Error dut: Q=1111, rco=0, scoreboard: Q=0110, rco=0
Time=1328 Error dut: Q=0111, rco=0, scoreboard: Q=0110, rco=0
Time=1336 Error dut: Q=0100, rco=0, scoreboard: Q=0110, rco=0
Time=1344 Error dut: Q=0001, rco=0, scoreboard: Q=0110, rco=0
Time=1352 Error dut: Q=0001, rco=0, scoreboard: Q=0110, rco=0
Time=1360 Error dut: Q=0000, rco=0, scoreboard: Q=0110, rco=0
Time=1368 Error dut: Q=0001, rco=0, scoreboard: Q=0110, rco=0
Time=1376 Error dut: Q=0001, rco=0, scoreboard: Q=0110, rco=0
Time=1384 Error dut: Q=0000, rco=0, scoreboard: Q=0110, rco=0
Time=1392 Error dut: Q=0001, rco=0, scoreboard: Q=0110, rco=0
Time=1400 Error dut: Q=0001, rco=0, scoreboard: Q=0110, rco=0
Time=1408 Error dut: Q=0000, rco=0, scoreboard: Q=0111, rco=0
Time=1416 Error dut: Q=0001, rco=0, scoreboard: Q=1000, rco=0
time= 1608, Test Completed
time= 1608, Simulation Completed
