time=    0, Simulation Start
time=    0, Starting Reset
time=  172, Reset Completed
time=  172, Starting Test
time=  172, Starting Scripted Test
Time=176 Error dut: Q=00000000000000000011000000001100, rco=0, scoreboard: Q=00000000000000000011000000001100, rco=1
Time=180 Error dut: Q=00000000000000000011000000001100, rco=0, scoreboard: Q=00000000000000000011000000001100, rco=1
Time=184 Error dut: Q=00000000000000000011000000001100, rco=0, scoreboard: Q=00000000000000000011000000001100, rco=1
Time=188 Error dut: Q=00000000000000000011000000001100, rco=0, scoreboard: Q=00000000000000000011000000001100, rco=1
Time=192 Error dut: Q=00000000000000000011000000001100, rco=0, scoreboard: Q=00000000000000000011000000001100, rco=1
Time=196 Error dut: Q=00000000000000000011000000001100, rco=0, scoreboard: Q=00000000000000000011000000001100, rco=1
Time=200 Error dut: Q=00000000000000000011000000001100, rco=0, scoreboard: Q=00000000000000000011000000001100, rco=1
Time=204 Error dut: Q=00000000000000000011000000001100, rco=0, scoreboard: Q=00000000000000000011000000001100, rco=1
Time=208 Error dut: Q=00000000000000000011000000001100, rco=0, scoreboard: Q=00000000000000000011000000001100, rco=1
Time=212 Error dut: Q=00000000000000000011000000001100, rco=0, scoreboard: Q=00000000000000000011000000001100, rco=1
Time=216 Error dut: Q=00000000000000000011000000001100, rco=0, scoreboard: Q=00000000000000000011000000001100, rco=1
Time=220 Error dut: Q=00000000000000000011000000001100, rco=0, scoreboard: Q=00000000000000000011000000001100, rco=1
Time=224 Error dut: Q=00000000000000000011000000001100, rco=0, scoreboard: Q=00000000000000000011000000001100, rco=1
Time=228 Error dut: Q=00000000000000000011000000001100, rco=0, scoreboard: Q=00000000000000000011000000001100, rco=1
Time=232 Error dut: Q=00000000000000000011000000001100, rco=0, scoreboard: Q=00000000000000000011000000001100, rco=1
Time=236 Error dut: Q=00000000000000000011000000001100, rco=0, scoreboard: Q=00000000000000000011000000001100, rco=1
Time=240 Error dut: Q=00000000000000000011000000001100, rco=0, scoreboard: Q=00000000000000000011000000001100, rco=1
Time=244 Error dut: Q=00000000000000000011000000001100, rco=0, scoreboard: Q=00000000000000000011000000001100, rco=1
Time=248 Error dut: Q=00000000000000000011000000001100, rco=0, scoreboard: Q=00000000000000000011000000001100, rco=1
Time=252 Error dut: Q=00000000000000000011000000001100, rco=0, scoreboard: Q=00000000000000000011000000001100, rco=1
Time=256 Error dut: Q=00000000000000000011000000001100, rco=0, scoreboard: Q=00000000000000000011000000001100, rco=1
PASS
PASS
PASS
PASS
PASS
PASS
PASS
PASS
PASS
PASS
PASS
PASS
PASS
PASS
PASS
PASS
PASS
PASS
PASS
PASS
PASS
PASS
PASS
PASS
PASS
PASS
PASS
PASS
PASS
PASS
PASS
PASS
PASS
PASS
PASS
PASS
PASS
PASS
PASS
PASS
PASS
PASS
PASS
PASS
PASS
PASS
PASS
PASS
PASS
PASS
PASS
PASS
PASS
PASS
PASS
PASS
PASS
PASS
PASS
PASS
PASS
PASS
time=200756, Test Completed
time=200756, Simulation Completed
